TN:
SF:/Users/aarushbehera/Desktop/MyApps/LETSGETSTARTED/letsgetstarted-admin/src/polyfills.ts
FNF:0
FNH:0
LF:0
LH:0
BRF:0
BRH:0
end_of_record
TN:
SF:/Users/aarushbehera/Desktop/MyApps/LETSGETSTARTED/letsgetstarted-admin/src/test.ts
FNF:0
FNH:0
DA:13,1
DA:18,1
DA:20,1
LF:3
LH:3
BRF:0
BRH:0
end_of_record
TN:
SF:/Users/aarushbehera/Desktop/MyApps/LETSGETSTARTED/letsgetstarted-admin/src/app/app-routing.module.ts
FNF:0
FNH:0
DA:4,1
DA:18,1
LF:2
LH:2
BRF:0
BRH:0
end_of_record
TN:
SF:/Users/aarushbehera/Desktop/MyApps/LETSGETSTARTED/letsgetstarted-admin/src/app/app.component.ts
FN:3,(anonymous_0)
FNF:1
FNH:1
FNDA:2,(anonymous_0)
DA:7,1
DA:8,2
LF:2
LH:2
BRF:0
BRH:0
end_of_record
TN:
SF:/Users/aarushbehera/Desktop/MyApps/LETSGETSTARTED/letsgetstarted-admin/src/app/dashboard/dashboard.component.ts
FN:19,(anonymous_0)
FN:25,(anonymous_1)
FN:29,(anonymous_2)
FNF:3
FNH:2
FNDA:1,(anonymous_0)
FNDA:1,(anonymous_1)
FNDA:0,(anonymous_2)
DA:11,1
DA:12,1
DA:13,1
DA:14,1
DA:15,1
DA:16,1
DA:20,1
DA:21,1
DA:22,1
DA:26,1
DA:30,0
DA:31,0
DA:32,0
DA:33,0
LF:14
LH:10
BRF:0
BRH:0
end_of_record
TN:
SF:/Users/aarushbehera/Desktop/MyApps/LETSGETSTARTED/letsgetstarted-admin/src/app/dashboard/add-question/add-question.component.ts
FN:35,(anonymous_0)
FN:42,(anonymous_1)
FN:55,(anonymous_2)
FN:60,(anonymous_3)
FNF:4
FNH:1
FNDA:2,(anonymous_0)
FNDA:0,(anonymous_1)
FNDA:0,(anonymous_2)
FNDA:0,(anonymous_3)
DA:14,1
DA:15,1
DA:16,1
DA:18,2
DA:24,2
DA:32,2
DA:33,2
DA:36,2
DA:37,2
DA:38,2
DA:39,2
DA:43,0
DA:44,0
DA:45,0
DA:46,0
DA:47,0
DA:50,0
DA:51,0
DA:56,0
DA:60,0
DA:61,0
DA:62,0
LF:22
LH:11
BRDA:43,0,0,0
BRDA:43,0,1,0
BRDA:50,1,0,0
BRDA:50,1,1,0
BRF:4
BRH:0
end_of_record
TN:
SF:/Users/aarushbehera/Desktop/MyApps/LETSGETSTARTED/letsgetstarted-admin/src/app/dashboard/footer/footer.component.ts
FN:10,(anonymous_0)
FN:12,(anonymous_1)
FNF:2
FNH:2
FNDA:2,(anonymous_0)
FNDA:2,(anonymous_1)
DA:8,1
LF:1
LH:1
BRF:0
BRH:0
end_of_record
TN:
SF:/Users/aarushbehera/Desktop/MyApps/LETSGETSTARTED/letsgetstarted-admin/src/app/dashboard/header/header.component.ts
FN:14,(anonymous_0)
FN:19,(anonymous_1)
FN:22,(anonymous_2)
FN:24,(anonymous_3)
FN:26,(anonymous_4)
FNF:5
FNH:2
FNDA:2,(anonymous_0)
FNDA:2,(anonymous_1)
FNDA:0,(anonymous_2)
FNDA:0,(anonymous_3)
FNDA:0,(anonymous_4)
DA:10,1
DA:12,1
DA:15,2
DA:16,2
DA:23,0
DA:25,0
DA:27,0
LF:7
LH:4
BRF:0
BRH:0
end_of_record
TN:
SF:/Users/aarushbehera/Desktop/MyApps/LETSGETSTARTED/letsgetstarted-admin/src/app/dashboard/view-question/view-question.component.ts
FN:21,(anonymous_0)
FN:23,(anonymous_1)
FN:27,(anonymous_2)
FN:32,(anonymous_3)
FN:37,(anonymous_4)
FN:42,(anonymous_5)
FN:51,(anonymous_6)
FNF:7
FNH:2
FNDA:1,(anonymous_0)
FNDA:1,(anonymous_1)
FNDA:0,(anonymous_2)
FNDA:0,(anonymous_3)
FNDA:0,(anonymous_4)
FNDA:0,(anonymous_5)
FNDA:0,(anonymous_6)
DA:10,1
DA:11,1
DA:12,1
DA:14,1
DA:15,1
DA:16,1
DA:17,1
DA:18,1
DA:19,1
DA:21,1
DA:24,1
DA:28,0
DA:29,0
DA:33,0
DA:34,0
DA:38,0
DA:39,0
DA:40,0
DA:41,0
DA:42,0
DA:43,0
DA:44,0
DA:45,0
DA:46,0
DA:47,0
DA:52,0
DA:53,0
LF:27
LH:11
BRDA:33,0,0,0
BRDA:33,0,1,0
BRDA:34,1,0,0
BRDA:34,1,1,0
BRF:4
BRH:0
end_of_record
TN:
SF:/Users/aarushbehera/Desktop/MyApps/LETSGETSTARTED/letsgetstarted-admin/src/app/login/login.component.ts
FN:34,(anonymous_0)
FN:41,(anonymous_1)
FN:46,(anonymous_2)
FN:55,(anonymous_3)
FN:62,(anonymous_4)
FN:67,(anonymous_5)
FN:72,(anonymous_6)
FN:76,(anonymous_7)
FN:78,(anonymous_8)
FN:81,(anonymous_9)
FN:86,(anonymous_10)
FN:94,(anonymous_11)
FN:96,(anonymous_12)
FN:102,(anonymous_13)
FN:107,(anonymous_14)
FN:114,(anonymous_15)
FN:116,(anonymous_16)
FN:119,(anonymous_17)
FNF:18
FNH:4
FNDA:1,(anonymous_0)
FNDA:1,(anonymous_1)
FNDA:1,(anonymous_2)
FNDA:1,(anonymous_3)
FNDA:0,(anonymous_4)
FNDA:0,(anonymous_5)
FNDA:0,(anonymous_6)
FNDA:0,(anonymous_7)
FNDA:0,(anonymous_8)
FNDA:0,(anonymous_9)
FNDA:0,(anonymous_10)
FNDA:0,(anonymous_11)
FNDA:0,(anonymous_12)
FNDA:0,(anonymous_13)
FNDA:0,(anonymous_14)
FNDA:0,(anonymous_15)
FNDA:0,(anonymous_16)
FNDA:0,(anonymous_17)
DA:25,1
DA:26,1
DA:30,1
DA:31,1
DA:32,1
DA:35,1
DA:36,1
DA:37,1
DA:38,1
DA:42,1
DA:43,1
DA:47,1
DA:56,1
DA:63,0
DA:64,0
DA:65,0
DA:66,0
DA:67,0
DA:73,0
DA:74,0
DA:75,0
DA:77,0
DA:79,0
DA:82,0
DA:87,0
DA:88,0
DA:89,0
DA:95,0
DA:97,0
DA:98,0
DA:99,0
DA:101,0
DA:102,0
DA:103,0
DA:108,0
DA:109,0
DA:115,0
DA:117,0
DA:120,0
LF:39
LH:13
BRDA:97,0,0,0
BRDA:97,0,1,0
BRF:2
BRH:0
end_of_record
TN:
SF:/Users/aarushbehera/Desktop/MyApps/LETSGETSTARTED/letsgetstarted-admin/src/components/modal/modal.component.ts
FN:14,(anonymous_0)
FN:16,(anonymous_1)
FN:18,(anonymous_2)
FNF:3
FNH:2
FNDA:2,(anonymous_0)
FNDA:2,(anonymous_1)
FNDA:0,(anonymous_2)
DA:8,1
DA:9,1
DA:10,1
DA:14,2
DA:19,0
LF:5
LH:4
BRF:0
BRH:0
end_of_record
TN:
SF:/Users/aarushbehera/Desktop/MyApps/LETSGETSTARTED/letsgetstarted-admin/src/core/api/api.service.ts
FN:16,(anonymous_0)
FN:22,(anonymous_1)
FN:32,(anonymous_2)
FN:37,(anonymous_3)
FN:39,(anonymous_4)
FN:40,(anonymous_5)
FN:40,(anonymous_6)
FNF:7
FNH:2
FNDA:2,(anonymous_0)
FNDA:0,(anonymous_1)
FNDA:0,(anonymous_2)
FNDA:1,(anonymous_3)
FNDA:0,(anonymous_4)
FNDA:0,(anonymous_5)
FNDA:0,(anonymous_6)
DA:12,1
DA:13,2
DA:14,2
DA:17,2
DA:18,2
DA:19,2
DA:23,0
DA:24,0
DA:32,0
DA:33,0
DA:38,1
DA:39,0
DA:40,0
LF:13
LH:7
BRF:0
BRH:0
end_of_record
TN:
SF:/Users/aarushbehera/Desktop/MyApps/LETSGETSTARTED/letsgetstarted-admin/src/core/auth/auth.service.ts
FN:12,(anonymous_0)
FN:23,(anonymous_1)
FN:31,(anonymous_2)
FN:33,(anonymous_3)
FN:35,(anonymous_4)
FN:38,(anonymous_5)
FN:45,(anonymous_6)
FN:47,(anonymous_7)
FN:49,(anonymous_8)
FN:52,(anonymous_9)
FN:59,(anonymous_10)
FN:61,(anonymous_11)
FN:63,(anonymous_12)
FN:66,(anonymous_13)
FN:73,(anonymous_14)
FN:75,(anonymous_15)
FN:77,(anonymous_16)
FN:80,(anonymous_17)
FNF:18
FNH:1
FNDA:4,(anonymous_0)
FNDA:0,(anonymous_1)
FNDA:0,(anonymous_2)
FNDA:0,(anonymous_3)
FNDA:0,(anonymous_4)
FNDA:0,(anonymous_5)
FNDA:0,(anonymous_6)
FNDA:0,(anonymous_7)
FNDA:0,(anonymous_8)
FNDA:0,(anonymous_9)
FNDA:0,(anonymous_10)
FNDA:0,(anonymous_11)
FNDA:0,(anonymous_12)
FNDA:0,(anonymous_13)
FNDA:0,(anonymous_14)
FNDA:0,(anonymous_15)
FNDA:0,(anonymous_16)
FNDA:0,(anonymous_17)
DA:10,1
DA:13,4
DA:14,4
DA:15,4
DA:18,4
DA:24,0
DA:25,0
DA:26,0
DA:28,0
DA:32,0
DA:33,0
DA:34,0
DA:36,0
DA:37,0
DA:39,0
DA:40,0
DA:46,0
DA:47,0
DA:48,0
DA:49,0
DA:50,0
DA:51,0
DA:53,0
DA:54,0
DA:60,0
DA:61,0
DA:62,0
DA:64,0
DA:65,0
DA:67,0
DA:68,0
DA:74,0
DA:75,0
DA:76,0
DA:78,0
DA:79,0
DA:81,0
DA:82,0
LF:38
LH:5
BRDA:25,0,0,0
BRDA:25,0,1,0
BRDA:25,1,0,0
BRDA:25,1,1,0
BRF:4
BRH:0
end_of_record
TN:
SF:/Users/aarushbehera/Desktop/MyApps/LETSGETSTARTED/letsgetstarted-admin/src/core/toast/toast.service.ts
FN:8,(anonymous_0)
FN:10,(anonymous_1)
FN:14,(anonymous_2)
FN:18,(anonymous_3)
FNF:4
FNH:1
FNDA:3,(anonymous_0)
FNDA:0,(anonymous_1)
FNDA:0,(anonymous_2)
FNDA:0,(anonymous_3)
DA:7,1
DA:8,3
DA:11,0
DA:15,0
DA:19,0
LF:5
LH:2
BRF:0
BRH:0
end_of_record
TN:
SF:/Users/aarushbehera/Desktop/MyApps/LETSGETSTARTED/letsgetstarted-admin/src/environments/environment.ts
FNF:0
FNH:0
DA:5,1
LF:1
LH:1
BRF:0
BRH:0
end_of_record
